2 bigint.c:20 0xffff9a1c0019 262152
2 bigint.c:20 0xffff9a170019 262152
2 bigint.c:20 0xffff9a120019 262152
4 bigint.c:38 0xffff9a1c0019 262152
4 bigint.c:38 0xffff9a120019 262152
4 bigint.c:38 0xffff9a170019 262152
2 bigint.c:20 0x11c28b9 262152
2 bigint.c:20 0x12028d9 262152
2 bigint.c:20 0x12428f9 262152
4 bigint.c:38 0x12428f9 262152
4 bigint.c:38 0x12028d9 262152
4 bigint.c:38 0x11c28b9 262152
2 bigint.c:20 0x11c28b9 262152
2 bigint.c:20 0x12028d9 262152
2 bigint.c:20 0x12428f9 262152
4 bigint.c:38 0x12428f9 262152
4 bigint.c:38 0x12028d9 262152
4 bigint.c:38 0x11c28b9 262152
2 bigint.c:20 0x11c28b9 262152
2 bigint.c:20 0x12028d9 262152
2 bigint.c:20 0x12428f9 262152
4 bigint.c:38 0x12428f9 262152
4 bigint.c:38 0x12028d9 262152
4 bigint.c:38 0x11c28b9 262152
2 bigint.c:20 0x11c28b9 262152
2 bigint.c:20 0x12028d9 262152
2 bigint.c:20 0x12428f9 262152
4 bigint.c:38 0x12428f9 262152
4 bigint.c:38 0x12028d9 262152
4 bigint.c:38 0x11c28b9 262152
2 bigint.c:20 0x11c28b9 262152
2 bigint.c:20 0x12028d9 262152
2 bigint.c:20 0x12428f9 262152
4 bigint.c:38 0x12428f9 262152
4 bigint.c:38 0x12028d9 262152
4 bigint.c:38 0x11c28b9 262152
2 bigint.c:20 0x11c28b9 262152
2 bigint.c:20 0x12028d9 262152
2 bigint.c:20 0x12428f9 262152
4 bigint.c:38 0x12428f9 262152
4 bigint.c:38 0x12028d9 262152
4 bigint.c:38 0x11c28b9 262152
2 bigint.c:20 0x11c28b9 262152
2 bigint.c:20 0x12028d9 262152
2 bigint.c:20 0x12428f9 262152
4 bigint.c:38 0x12428f9 262152
4 bigint.c:38 0x12028d9 262152
4 bigint.c:38 0x11c28b9 262152
2 bigint.c:20 0x11c28b9 262152
2 bigint.c:20 0x12028d9 262152
2 bigint.c:20 0x12428f9 262152
4 bigint.c:38 0x12428f9 262152
4 bigint.c:38 0x12028d9 262152
4 bigint.c:38 0x11c28b9 262152
2 bigint.c:20 0x11c28b9 262152
2 bigint.c:20 0x12028d9 262152
2 bigint.c:20 0x12428f9 262152
4 bigint.c:38 0x12428f9 262152
4 bigint.c:38 0x12028d9 262152
4 bigint.c:38 0x11c28b9 262152
2 bigint.c:20 0x11c28b9 262152
2 bigint.c:20 0x12028d9 262152
2 bigint.c:20 0x12428f9 262152
4 bigint.c:38 0x12428f9 262152
4 bigint.c:38 0x12028d9 262152
4 bigint.c:38 0x11c28b9 262152
2 bigint.c:20 0x11c28b9 262152
2 bigint.c:20 0x12028d9 262152
2 bigint.c:20 0x12428f9 262152
4 bigint.c:38 0x12428f9 262152
4 bigint.c:38 0x12028d9 262152
4 bigint.c:38 0x11c28b9 262152
