2 bigint.c:20 0xffff9d5e0019 262152
2 bigint.c:20 0xffff9d590019 262152
2 bigint.c:20 0xffff9d540019 262152
4 bigint.c:38 0xffff9d5e0019 262152
4 bigint.c:38 0xffff9d540019 262152
4 bigint.c:38 0xffff9d590019 262152
2 bigint.c:20 0x104628b9 262152
2 bigint.c:20 0x104a28d9 262152
2 bigint.c:20 0x104e28f9 262152
4 bigint.c:38 0x104e28f9 262152
4 bigint.c:38 0x104a28d9 262152
4 bigint.c:38 0x104628b9 262152
2 bigint.c:20 0x104628b9 262152
2 bigint.c:20 0x104a28d9 262152
2 bigint.c:20 0x104e28f9 262152
4 bigint.c:38 0x104e28f9 262152
4 bigint.c:38 0x104a28d9 262152
4 bigint.c:38 0x104628b9 262152
2 bigint.c:20 0x104628b9 262152
2 bigint.c:20 0x104a28d9 262152
2 bigint.c:20 0x104e28f9 262152
4 bigint.c:38 0x104e28f9 262152
4 bigint.c:38 0x104a28d9 262152
4 bigint.c:38 0x104628b9 262152
2 bigint.c:20 0x104628b9 262152
2 bigint.c:20 0x104a28d9 262152
2 bigint.c:20 0x104e28f9 262152
4 bigint.c:38 0x104e28f9 262152
4 bigint.c:38 0x104a28d9 262152
4 bigint.c:38 0x104628b9 262152
2 bigint.c:20 0x104628b9 262152
2 bigint.c:20 0x104a28d9 262152
2 bigint.c:20 0x104e28f9 262152
4 bigint.c:38 0x104e28f9 262152
4 bigint.c:38 0x104a28d9 262152
4 bigint.c:38 0x104628b9 262152
2 bigint.c:20 0x104628b9 262152
2 bigint.c:20 0x104a28d9 262152
2 bigint.c:20 0x104e28f9 262152
4 bigint.c:38 0x104e28f9 262152
4 bigint.c:38 0x104a28d9 262152
4 bigint.c:38 0x104628b9 262152
2 bigint.c:20 0x104628b9 262152
2 bigint.c:20 0x104a28d9 262152
2 bigint.c:20 0x104e28f9 262152
4 bigint.c:38 0x104e28f9 262152
4 bigint.c:38 0x104a28d9 262152
4 bigint.c:38 0x104628b9 262152
2 bigint.c:20 0x104628b9 262152
2 bigint.c:20 0x104a28d9 262152
2 bigint.c:20 0x104e28f9 262152
4 bigint.c:38 0x104e28f9 262152
4 bigint.c:38 0x104a28d9 262152
4 bigint.c:38 0x104628b9 262152
2 bigint.c:20 0x104628b9 262152
2 bigint.c:20 0x104a28d9 262152
2 bigint.c:20 0x104e28f9 262152
4 bigint.c:38 0x104e28f9 262152
4 bigint.c:38 0x104a28d9 262152
4 bigint.c:38 0x104628b9 262152
2 bigint.c:20 0x104628b9 262152
2 bigint.c:20 0x104a28d9 262152
2 bigint.c:20 0x104e28f9 262152
4 bigint.c:38 0x104e28f9 262152
4 bigint.c:38 0x104a28d9 262152
4 bigint.c:38 0x104628b9 262152
2 bigint.c:20 0x104628b9 262152
2 bigint.c:20 0x104a28d9 262152
2 bigint.c:20 0x104e28f9 262152
4 bigint.c:38 0x104e28f9 262152
4 bigint.c:38 0x104a28d9 262152
4 bigint.c:38 0x104628b9 262152
